<?xml version="1.0" encoding="UTF-8"?>
<!-- Generated by org.testng.reporters.JUnitReportReporter -->
<testsuite hostname="LAPTOP-I1LONDHL" failures="0" tests="3" name="com.saikumar.TestwithAmazon" time="50.516" errors="0" timestamp="2022-10-04T17:16:04 IST" skipped="0">
  <testcase classname="com.saikumar.TestwithAmazon" name="register" time="3.908"/>
  <system-out/>
  <testcase classname="com.saikumar.TestwithAmazon" name="Login" time="2.743"/>
  <system-out/>
  <testcase classname="com.saikumar.TestwithAmazon" name="search" time="43.865"/>
  <system-out/>
</testsuite> <!-- com.saikumar.TestwithAmazon -->
